<?xml version="1.0" encoding="UTF-8"?>
<!-- Generated by org.testng.reporters.JUnitReportReporter -->
<testsuite hostname="LAPTOP-LR7KQR43" failures="0" tests="1" name="com.hrms.Testscripts.TestScripts_2" time="12.422" errors="0" timestamp="2023-01-16T19:23:21 IST" skipped="0">
  <testcase classname="com.hrms.Testscripts.TestScripts_2" name="TestCases" time="12.422"/>
  <system-out/>
</testsuite> <!-- com.hrms.Testscripts.TestScripts_2 -->
